# JRE version: Java(TM) SE Runtime Environment (17.0.5+9) (build 17.0.5+9-LTS-191)
# Java VM: Java HotSpot(TM) 64-Bit Server VM (17.0.5+9-LTS-191, mixed mode, sharing, tiered, compressed oops, compressed class ptrs, g1 gc, windows-amd64)
GC Precious Log:
 CPUs: 16 total, 16 available
 Memory: 15943M
 Large Page Support: Disabled
 NUMA Support: Disabled
 Compressed Oops: Enabled (32-bit)
 Heap Region Size: 1M
 Heap Min Capacity: 256M
 Heap Initial Capacity: 256M
 Heap Max Capacity: 512M
 Pre-touch: Disabled
 Parallel Workers: 13
 Concurrent Workers: 3
 Concurrent Refinement Workers: 13
 Periodic GC: Disabled
Heap:
 garbage-first heap   total 262144K, used 151929K [0x00000000e0000000, 0x0000000100000000)
  region size 1024K, 74 young (75776K), 2 survivors (2048K)
 Metaspace       used 70868K, committed 71744K, reserved 380928K
  class space    used 9752K, committed 10176K, reserved 315392K
GC Heap History (20 events):
Event: 0.343 GC heap before
{Heap before GC invocations=0 (full 0):
 garbage-first heap   total 262144K, used 23552K [0x00000000e0000000, 0x0000000100000000)
  region size 1024K, 23 young (23552K), 0 survivors (0K)
 Metaspace       used 865K, committed 960K, reserved 323584K
  class space    used 65K, committed 128K, reserved 315392K
}
Event: 0.346 GC heap after
{Heap after GC invocations=1 (full 0):
 garbage-first heap   total 262144K, used 1725K [0x00000000e0000000, 0x0000000100000000)
  region size 1024K, 2 young (2048K), 2 survivors (2048K)
 Metaspace       used 865K, committed 960K, reserved 323584K
  class space    used 65K, committed 128K, reserved 315392K
}
Event: 0.901 GC heap before
{Heap before GC invocations=1 (full 0):
 garbage-first heap   total 262144K, used 41661K [0x00000000e0000000, 0x0000000100000000)
  region size 1024K, 37 young (37888K), 2 survivors (2048K)
 Metaspace       used 4655K, committed 4800K, reserved 323584K
  class space    used 577K, committed 640K, reserved 315392K
}
Event: 0.905 GC heap after
{Heap after GC invocations=2 (full 0):
 garbage-first heap   total 262144K, used 11998K [0x00000000e0000000, 0x0000000100000000)
  region size 1024K, 5 young (5120K), 5 survivors (5120K)
 Metaspace       used 4655K, committed 4800K, reserved 323584K
  class space    used 577K, committed 640K, reserved 315392K
}
Event: 4.253 GC heap before
{Heap before GC invocations=2 (full 0):
 garbage-first heap   total 262144K, used 166622K [0x00000000e0000000, 0x0000000100000000)
  region size 1024K, 153 young (156672K), 5 survivors (5120K)
 Metaspace       used 20903K, committed 21248K, reserved 339968K
  class space    used 2871K, committed 3008K, reserved 315392K
}
Event: 4.263 GC heap after
{Heap after GC invocations=3 (full 0):
 garbage-first heap   total 262144K, used 23859K [0x00000000e0000000, 0x0000000100000000)
  region size 1024K, 16 young (16384K), 16 survivors (16384K)
 Metaspace       used 20903K, committed 21248K, reserved 339968K
  class space    used 2871K, committed 3008K, reserved 315392K
}
Event: 4.342 GC heap before
{Heap before GC invocations=3 (full 0):
 garbage-first heap   total 262144K, used 25907K [0x00000000e0000000, 0x0000000100000000)
  region size 1024K, 19 young (19456K), 16 survivors (16384K)
 Metaspace       used 21259K, committed 21504K, reserved 339968K
  class space    used 2923K, committed 3008K, reserved 315392K
}
Event: 4.349 GC heap after
{Heap after GC invocations=4 (full 0):
 garbage-first heap   total 262144K, used 24074K [0x00000000e0000000, 0x0000000100000000)
  region size 1024K, 1 young (1024K), 1 survivors (1024K)
 Metaspace       used 21259K, committed 21504K, reserved 339968K
  class space    used 2923K, committed 3008K, reserved 315392K
}
Event: 8.426 GC heap before
{Heap before GC invocations=5 (full 0):
 garbage-first heap   total 262144K, used 139786K [0x00000000e0000000, 0x0000000100000000)
  region size 1024K, 116 young (118784K), 1 survivors (1024K)
 Metaspace       used 35683K, committed 36096K, reserved 348160K
  class space    used 5005K, committed 5184K, reserved 315392K
}
Event: 8.431 GC heap after
{Heap after GC invocations=6 (full 0):
 garbage-first heap   total 262144K, used 30515K [0x00000000e0000000, 0x0000000100000000)
  region size 1024K, 7 young (7168K), 7 survivors (7168K)
 Metaspace       used 35683K, committed 36096K, reserved 348160K
  class space    used 5005K, committed 5184K, reserved 315392K
}
Event: 12.675 GC heap before
{Heap before GC invocations=7 (full 0):
 garbage-first heap   total 262144K, used 180019K [0x00000000e0000000, 0x0000000100000000)
  region size 1024K, 153 young (156672K), 7 survivors (7168K)
 Metaspace       used 48143K, committed 48768K, reserved 364544K
  class space    used 7012K, committed 7296K, reserved 315392K
}
Event: 12.683 GC heap after
{Heap after GC invocations=8 (full 0):
 garbage-first heap   total 262144K, used 38710K [0x00000000e0000000, 0x0000000100000000)
  region size 1024K, 15 young (15360K), 15 survivors (15360K)
 Metaspace       used 48143K, committed 48768K, reserved 364544K
  class space    used 7012K, committed 7296K, reserved 315392K
}
Event: 15.080 GC heap before
{Heap before GC invocations=8 (full 0):
 garbage-first heap   total 262144K, used 180022K [0x00000000e0000000, 0x0000000100000000)
  region size 1024K, 153 young (156672K), 15 survivors (15360K)
 Metaspace       used 53075K, committed 53824K, reserved 364544K
  class space    used 7546K, committed 7936K, reserved 315392K
}
Event: 15.092 GC heap after
{Heap after GC invocations=9 (full 0):
 garbage-first heap   total 262144K, used 51165K [0x00000000e0000000, 0x0000000100000000)
  region size 1024K, 20 young (20480K), 20 survivors (20480K)
 Metaspace       used 53075K, committed 53824K, reserved 364544K
  class space    used 7546K, committed 7936K, reserved 315392K
}
Event: 18.529 GC heap before
{Heap before GC invocations=9 (full 0):
 garbage-first heap   total 262144K, used 169949K [0x00000000e0000000, 0x0000000100000000)
  region size 1024K, 138 young (141312K), 20 survivors (20480K)
 Metaspace       used 59756K, committed 60480K, reserved 372736K
  class space    used 8535K, committed 8896K, reserved 315392K
}
Event: 18.540 GC heap after
{Heap after GC invocations=10 (full 0):
 garbage-first heap   total 262144K, used 57065K [0x00000000e0000000, 0x0000000100000000)
  region size 1024K, 8 young (8192K), 8 survivors (8192K)
 Metaspace       used 59756K, committed 60480K, reserved 372736K
  class space    used 8535K, committed 8896K, reserved 315392K
}
Event: 24.823 GC heap before
{Heap before GC invocations=11 (full 0):
 garbage-first heap   total 262144K, used 203497K [0x00000000e0000000, 0x0000000100000000)
  region size 1024K, 151 young (154624K), 8 survivors (8192K)
 Metaspace       used 68548K, committed 69312K, reserved 380928K
  class space    used 9510K, committed 9856K, reserved 315392K
}
Event: 24.839 GC heap after
{Heap after GC invocations=12 (full 0):
 garbage-first heap   total 262144K, used 76657K [0x00000000e0000000, 0x0000000100000000)
  region size 1024K, 19 young (19456K), 19 survivors (19456K)
 Metaspace       used 68548K, committed 69312K, reserved 380928K
  class space    used 9510K, committed 9856K, reserved 315392K
}
Event: 24.891 GC heap before
{Heap before GC invocations=12 (full 0):
 garbage-first heap   total 262144K, used 77681K [0x00000000e0000000, 0x0000000100000000)
  region size 1024K, 20 young (20480K), 19 survivors (19456K)
 Metaspace       used 68555K, committed 69312K, reserved 380928K
  class space    used 9510K, committed 9856K, reserved 315392K
}
Event: 24.931 GC heap after
{Heap after GC invocations=13 (full 0):
 garbage-first heap   total 262144K, used 79225K [0x00000000e0000000, 0x0000000100000000)
  region size 1024K, 2 young (2048K), 2 survivors (2048K)
 Metaspace       used 68555K, committed 69312K, reserved 380928K
  class space    used 9510K, committed 9856K, reserved 315392K
}

